INFO:root:Opening C:/Users/timot/OneDrive/Dokument/GitHub/Message Statistics/data/helena.html
INFO:root:Parsing html with bs4
INFO:root:Opening C:/Users/timot/OneDrive/Dokument/GitHub/Message Statistics/data/helena.html
INFO:root:Parsing html with bs4
INFO:root:Opening C:/Users/timot/OneDrive/Dokument/GitHub/Message Statistics/data/helena.html
INFO:root:Parsing html with bs4
INFO:root:Parsing messages
INFO:root:Fixing corrupted unicode
INFO:root:Extracting messages
INFO:root:Opening C:/Users/timot/OneDrive/Dokument/GitHub/Message Statistics/data/helena.html
INFO:root:Parsing html with bs4
INFO:root:Parsing messages
INFO:root:Fixing corrupted unicode
INFO:root:Extracting messages
INFO:root:Opening C:/Users/timot/OneDrive/Dokument/GitHub/Message Statistics/data/helena.html
INFO:root:Parsing html with bs4
INFO:root:Parsing messages
INFO:root:Fixing corrupted unicode
INFO:root:Extracting messages
INFO:root:Opening C:/Users/timot/OneDrive/Dokument/GitHub/Message Statistics/data/helena.html
INFO:root:Parsing html with bs4
INFO:root:Parsing messages
INFO:root:Fixing corrupted unicode
INFO:root:Extracting messages
INFO:root:Opening C:/Users/timot/OneDrive/Dokument/GitHub/Message Statistics/data/helena.html
INFO:root:Parsing html with bs4
INFO:root:Parsing messages
INFO:root:Fixing corrupted unicode
INFO:root:Extracting messages
INFO:root:Opening C:/Users/timot/OneDrive/Dokument/GitHub/Message Statistics/data/helena.html
INFO:root:Parsing html with bs4
INFO:root:Parsing messages
INFO:root:Fixing corrupted unicode
INFO:root:Extracting messages
INFO:root:Opening C:/Users/timot/OneDrive/Dokument/GitHub/Message Statistics/data/helena.html
INFO:root:Parsing html with bs4
INFO:root:Parsing messages
INFO:root:Fixing corrupted unicode
INFO:root:Extracting messages
INFO:root:Opening C:/Users/timot/OneDrive/Dokument/GitHub/Message Statistics/data/helena.html
INFO:root:Parsing html with bs4
INFO:root:Parsing messages
INFO:root:Fixing corrupted unicode
INFO:root:Extracting messages
INFO:root:Opening C:/Users/timot/OneDrive/Dokument/GitHub/Message Statistics/data/helena.html
INFO:root:Parsing html with bs4
INFO:root:Parsing messages
INFO:root:Fixing corrupted unicode
INFO:root:Extracting messages
INFO:root:Opening C:/Users/timot/OneDrive/Dokument/GitHub/Message Statistics/data/helena.html
INFO:root:Parsing html with bs4
INFO:root:Parsing messages
INFO:root:Fixing corrupted unicode
INFO:root:Extracting messages
INFO:root:Opening C:/Users/timot/OneDrive/Dokument/GitHub/Message Statistics/data/helena.html
INFO:root:Parsing html with bs4
INFO:root:Parsing messages
INFO:root:Fixing corrupted unicode
INFO:root:Extracting messages
INFO:root:Opening C:/Users/timot/OneDrive/Dokument/GitHub/Message Statistics/data/helena.html
INFO:root:Parsing html with bs4
INFO:root:Parsing messages
INFO:root:Fixing corrupted unicode
INFO:root:Extracting messages
INFO:root:Opening C:/Users/timot/OneDrive/Dokument/GitHub/Message Statistics/data/helena.html
INFO:root:Parsing html with bs4
INFO:root:Parsing messages
INFO:root:Fixing corrupted unicode
INFO:root:Extracting messages
INFO:root:Opening C:/Users/timot/OneDrive/Dokument/GitHub/Message Statistics/data/helena.html
INFO:root:Parsing html with bs4
INFO:root:Parsing messages
INFO:root:Fixing corrupted unicode
INFO:root:Extracting messages
INFO:root:Opening C:/Users/timot/OneDrive/Dokument/GitHub/Message Statistics/data/helena.html
INFO:root:Parsing html with bs4
INFO:root:Parsing messages
INFO:root:Fixing corrupted unicode
INFO:root:Extracting messages
INFO:root:Opening C:/Users/timot/OneDrive/Dokument/GitHub/Message Statistics/data/helena.html
INFO:root:Parsing html with bs4
INFO:root:Parsing messages
INFO:root:Fixing corrupted unicode
INFO:root:Extracting messages
INFO:root:Opening C:/Users/timot/OneDrive/Dokument/GitHub/Message Statistics/data/helena.html
INFO:root:Parsing html with bs4
INFO:root:Parsing messages
INFO:root:Fixing corrupted unicode
INFO:root:Extracting messages
INFO:root:Opening C:/Users/timot/OneDrive/Dokument/GitHub/Message Statistics/data/helena.html
INFO:root:Parsing html with bs4
INFO:root:Parsing messages
INFO:root:Fixing corrupted unicode
INFO:root:Extracting messages
INFO:root:Opening C:/Users/timot/OneDrive/Dokument/GitHub/Message Statistics/data/helena.html
INFO:root:Parsing html with bs4
INFO:root:Parsing messages
INFO:root:Fixing corrupted unicode
INFO:root:Extracting messages
INFO:root:Opening C:/Users/timot/OneDrive/Dokument/GitHub/Message Statistics/data/helena.html
INFO:root:Parsing html with bs4
INFO:root:Parsing messages
INFO:root:Fixing corrupted unicode
INFO:root:Extracting messages
INFO:root:Opening C:/Users/timot/OneDrive/Dokument/GitHub/Message Statistics/data/helena.html
INFO:root:Parsing html with bs4
INFO:root:Parsing messages
INFO:root:Fixing corrupted unicode
INFO:root:Extracting messages
INFO:root:Opening C:/Users/timot/OneDrive/Dokument/GitHub/Message Statistics/data/helena.html
INFO:root:Parsing html with bs4
INFO:root:Parsing messages
INFO:root:Fixing corrupted unicode
INFO:root:Extracting messages
INFO:root:Opening C:/Users/timot/OneDrive/Dokument/GitHub/Message Statistics/data/helena.html
INFO:root:Parsing html with bs4
INFO:root:Parsing messages
INFO:root:Fixing corrupted unicode
INFO:root:Extracting messages
INFO:root:Opening C:/Users/timot/OneDrive/Dokument/GitHub/Message Statistics/data/helena.html
INFO:root:Parsing html with bs4
INFO:root:Parsing messages
INFO:root:Fixing corrupted unicode
INFO:root:Extracting messages
INFO:root:Opening C:/Users/timot/OneDrive/Dokument/GitHub/Message Statistics/data/helena.html
INFO:root:Parsing html with bs4
INFO:root:Parsing messages
INFO:root:Fixing corrupted unicode
INFO:root:Extracting messages
INFO:root:Opening C:/Users/timot/OneDrive/Dokument/GitHub/Message Statistics/data/helena.html
INFO:root:Parsing html with bs4
INFO:root:Parsing messages
INFO:root:Fixing corrupted unicode
INFO:root:Extracting messages
INFO:root:Opening C:/Users/timot/OneDrive/Dokument/GitHub/Message Statistics/data/helena.html
INFO:root:Parsing html with bs4
INFO:root:Parsing messages
INFO:root:Fixing corrupted unicode
INFO:root:Extracting messages
INFO:root:Opening C:/Users/Timothy''s PC/OneDrive/Dokument/GitHub/Message Statistics/data/helena.html
INFO:root:Parsing html with bs4
INFO:root:Parsing messages
INFO:root:Fixing corrupted unicode
INFO:root:Extracting messages
INFO:root:Opening C:/Users/Timothy''s PC/OneDrive/Dokument/GitHub/Message Statistics/data/helena.html
INFO:root:Parsing html with bs4
INFO:root:Parsing messages
INFO:root:Fixing corrupted unicode
INFO:root:Extracting messages
INFO:root:Opening C:/Users/Timothy''s PC/OneDrive/Dokument/GitHub/Message Statistics/data/helena.html
INFO:root:Parsing html with bs4
INFO:root:Parsing messages
INFO:root:Fixing corrupted unicode
INFO:root:Extracting messages
INFO:root:Opening C:/Users/Timothy''s PC/OneDrive/Dokument/GitHub/Message Statistics/data/helena.html
INFO:root:Parsing html with bs4
INFO:root:Parsing messages
INFO:root:Fixing corrupted unicode
INFO:root:Extracting messages
INFO:root:Opening C:/Users/Timothy''s PC/OneDrive/Dokument/GitHub/Message Statistics/data/helena.html
INFO:root:Parsing html with bs4
INFO:root:Parsing messages
INFO:root:Fixing corrupted unicode
INFO:root:Extracting messages
INFO:root:Opening C:/Users/Timothy''s PC/OneDrive/Dokument/GitHub/Message Statistics/data/helena.html
INFO:root:Parsing html with bs4
INFO:root:Parsing messages
INFO:root:Fixing corrupted unicode
INFO:root:Extracting messages
INFO:root:Opening C:/Users/Timothy''s PC/OneDrive/Dokument/GitHub/Message Statistics/data/helena.html
INFO:root:Parsing html with bs4
INFO:root:Parsing messages
INFO:root:Fixing corrupted unicode
INFO:root:Extracting messages
INFO:root:Opening C:/Users/Timothy''s PC/OneDrive/Dokument/GitHub/Message Statistics/data/helena.html
INFO:root:Parsing html with bs4
INFO:root:Parsing messages
INFO:root:Fixing corrupted unicode
INFO:root:Extracting messages
INFO:root:Opening C:/Users/Timothy''s PC/OneDrive/Dokument/GitHub/Message Statistics/data/helena.html
INFO:root:Parsing html with bs4
INFO:root:Parsing messages
INFO:root:Fixing corrupted unicode
INFO:root:Extracting messages
INFO:root:Opening C:/Users/Timothy''s PC/OneDrive/Dokument/GitHub/Message Statistics/data/helena.html
INFO:root:Parsing html with bs4
INFO:root:Parsing messages
INFO:root:Fixing corrupted unicode
INFO:root:Extracting messages
INFO:root:Opening C:/Users/Timothy''s PC/OneDrive/Dokument/GitHub/Message Statistics/data/helena.html
INFO:root:Parsing html with bs4
INFO:root:Parsing messages
INFO:root:Fixing corrupted unicode
INFO:root:Extracting messages
INFO:root:Opening C:/Users/Timothy''s PC/OneDrive/Dokument/GitHub/Message Statistics/data/helena.html
INFO:root:Parsing html with bs4
INFO:root:Parsing messages
INFO:root:Fixing corrupted unicode
INFO:root:Extracting messages
INFO:root:Opening C:/Users/Timothy''s PC/OneDrive/Dokument/GitHub/Message Statistics/data/helena.html
INFO:root:Parsing html with bs4
INFO:root:Parsing messages
INFO:root:Fixing corrupted unicode
INFO:root:Extracting messages
INFO:root:Opening C:/Users/Timothy''s PC/OneDrive/Dokument/GitHub/Message Statistics/data/helena.html
INFO:root:Parsing html with bs4
INFO:root:Parsing messages
INFO:root:Fixing corrupted unicode
INFO:root:Extracting messages
INFO:root:Opening C:/Users/Timothy''s PC/OneDrive/Dokument/GitHub/Message Statistics/data/helena.html
INFO:root:Parsing html with bs4
INFO:root:Parsing messages
INFO:root:Fixing corrupted unicode
INFO:root:Extracting messages
INFO:root:Opening C:/Users/Timothy''s PC/OneDrive/Dokument/GitHub/Message Statistics/data/helena.html
INFO:root:Parsing html with bs4
INFO:root:Parsing messages
INFO:root:Fixing corrupted unicode
INFO:root:Extracting messages
INFO:root:Opening C:/Users/Timothy''s PC/OneDrive/Dokument/GitHub/Message Statistics/data/helena.html
INFO:root:Parsing html with bs4
INFO:root:Parsing messages
INFO:root:Fixing corrupted unicode
INFO:root:Extracting messages
INFO:root:Opening C:/Users/Timothy''s PC/OneDrive/Dokument/GitHub/Message Statistics/data/helena.html
INFO:root:Parsing html with bs4
INFO:root:Parsing messages
INFO:root:Fixing corrupted unicode
INFO:root:Extracting messages
INFO:root:Opening C:/Users/Timothy''s PC/OneDrive/Dokument/GitHub/Message Statistics/data/helena.html
INFO:root:Parsing html with bs4
INFO:root:Parsing messages
INFO:root:Fixing corrupted unicode
INFO:root:Extracting messages
INFO:root:Opening C:/Users/Timothy''s PC/OneDrive/Dokument/GitHub/Message Statistics/data/helena.html
INFO:root:Parsing html with bs4
INFO:root:Parsing messages
INFO:root:Fixing corrupted unicode
INFO:root:Extracting messages
INFO:root:Opening C:/Users/Timothy''s PC/OneDrive/Dokument/GitHub/Message Statistics/data/helena.html
INFO:root:Parsing html with bs4
INFO:root:Parsing messages
INFO:root:Fixing corrupted unicode
INFO:root:Extracting messages
INFO:root:Opening C:/Users/Timothy''s PC/OneDrive/Dokument/GitHub/Message Statistics/data/helena.html
INFO:root:Parsing html with bs4
INFO:root:Parsing messages
INFO:root:Fixing corrupted unicode
INFO:root:Extracting messages
INFO:root:Opening C:/Users/Timothy''s PC/OneDrive/Dokument/GitHub/Message Statistics/data/HelenaOlsson_8beab9ed7f/message.html
INFO:root:Parsing html with bs4
INFO:root:Parsing messages
INFO:root:Fixing corrupted unicode
INFO:root:Extracting messages
INFO:root:Opening C:/Users/Timothy''s PC/OneDrive/Dokument/GitHub/Message Statistics/data/HelenaOlsson_8beab9ed7f/message.html
INFO:root:Parsing html with bs4
INFO:root:Parsing messages
INFO:root:Fixing corrupted unicode
INFO:root:Extracting messages
INFO:root:Opening C:/Users/Timothy''s PC/OneDrive/Dokument/GitHub/Message Statistics/data/HelenaOlsson_8beab9ed7f/message.html
INFO:root:Parsing html with bs4
INFO:root:Parsing messages
INFO:root:Fixing corrupted unicode
INFO:root:Extracting messages
INFO:root:Opening C:/Users/Timothy''s PC/OneDrive/Dokument/GitHub/Message Statistics/data/HelenaOlsson_8beab9ed7f/message.html
INFO:root:Parsing html with bs4
INFO:root:Parsing messages
INFO:root:Fixing corrupted unicode
INFO:root:Extracting messages
INFO:root:Opening C:/Users/Timothy''s PC/OneDrive/Dokument/GitHub/Message Statistics/data/HelenaOlsson_8beab9ed7f/message.html
INFO:root:Parsing html with bs4
INFO:root:Parsing messages
INFO:root:Fixing corrupted unicode
INFO:root:Extracting messages
INFO:root:Opening C:/Users/Timothy''s PC/OneDrive/Dokument/GitHub/Message Statistics/data/HelenaOlsson_8beab9ed7f/message.html
INFO:root:Parsing html with bs4
INFO:root:Parsing messages
INFO:root:Fixing corrupted unicode
INFO:root:Extracting messages
INFO:root:Opening C:/Users/Timothy''s PC/OneDrive/Dokument/GitHub/Message Statistics/data/HelenaOlsson_8beab9ed7f/message.html
INFO:root:Parsing html with bs4
INFO:root:Parsing messages
INFO:root:Fixing corrupted unicode
INFO:root:Extracting messages
INFO:root:Opening C:/Users/Timothy''s PC/OneDrive/Dokument/GitHub/Message Statistics/data/helena_new.html
INFO:root:Parsing html with bs4
INFO:root:Parsing messages
INFO:root:Fixing corrupted unicode
INFO:root:Extracting messages
INFO:root:Opening C:/Users/Timothy''s PC/OneDrive/Dokument/GitHub/Message Statistics/data/helena_new.html
INFO:root:Parsing html with bs4
INFO:root:Parsing messages
INFO:root:Fixing corrupted unicode
INFO:root:Extracting messages
INFO:root:Opening C:/Users/Timothy''s PC/OneDrive/Dokument/GitHub/Message Statistics/data/helena_new.html
INFO:root:Parsing html with bs4
INFO:root:Parsing messages
INFO:root:Fixing corrupted unicode
INFO:root:Extracting messages
INFO:root:Opening C:/Users/Timothy''s PC/OneDrive/Dokument/GitHub/Message Statistics/data/helena_new.html
INFO:root:Parsing html with bs4
INFO:root:Parsing messages
INFO:root:Fixing corrupted unicode
INFO:root:Extracting messages
INFO:root:Opening C:/Users/Timothy''s PC/OneDrive/Dokument/GitHub/Message Statistics/data/helena_new.html
INFO:root:Parsing html with bs4
INFO:root:Parsing messages
INFO:root:Fixing corrupted unicode
INFO:root:Extracting messages
INFO:root:Opening C:/Users/Timothy''s PC/OneDrive/Dokument/GitHub/Message Statistics/data/helena_new.html
INFO:root:Parsing html with bs4
INFO:root:Parsing messages
INFO:root:Fixing corrupted unicode
INFO:root:Extracting messages
INFO:root:Opening C:/Users/Timothy''s PC/OneDrive/Dokument/GitHub/Message Statistics/data/helena_new.html
INFO:root:Parsing html with bs4
INFO:root:Parsing messages
INFO:root:Fixing corrupted unicode
INFO:root:Extracting messages
INFO:root:Opening C:/Users/Timothy''s PC/OneDrive/Dokument/GitHub/Message Statistics/data/helena_new.html
INFO:root:Parsing html with bs4
INFO:root:Parsing messages
INFO:root:Fixing corrupted unicode
INFO:root:Extracting messages
INFO:root:Opening C:/Users/Timothy''s PC/OneDrive/Dokument/GitHub/Message Statistics/data/helena_new.html
INFO:root:Parsing html with bs4
INFO:root:Parsing messages
INFO:root:Fixing corrupted unicode
INFO:root:Extracting messages
INFO:root:Opening C:/Users/Timothy''s PC/OneDrive/Dokument/GitHub/Message Statistics/data/helena_new.html
INFO:root:Parsing html with bs4
INFO:root:Parsing messages
INFO:root:Fixing corrupted unicode
INFO:root:Extracting messages
INFO:root:Opening C:/Users/Timothy''s PC/OneDrive/Dokument/GitHub/Message Statistics/data/helena_new.html
INFO:root:Parsing html with bs4
INFO:root:Parsing messages
INFO:root:Fixing corrupted unicode
INFO:root:Extracting messages
INFO:root:Opening C:/Users/Timothy''s PC/OneDrive/Dokument/GitHub/Message Statistics/data/helena_new.html
INFO:root:Parsing html with bs4
INFO:root:Parsing messages
INFO:root:Fixing corrupted unicode
INFO:root:Extracting messages
INFO:root:Opening C:/Users/Timothy''s PC/OneDrive/Dokument/GitHub/Message Statistics/data/helena_new.html
INFO:root:Parsing html with bs4
INFO:root:Parsing messages
INFO:root:Fixing corrupted unicode
INFO:root:Extracting messages
INFO:root:Opening C:/Users/Timothy''s PC/OneDrive/Dokument/GitHub/Message Statistics/data/helena_new.html
INFO:root:Parsing html with bs4
INFO:root:Parsing messages
INFO:root:Fixing corrupted unicode
INFO:root:Extracting messages
INFO:root:Opening C:/Users/Timothy''s PC/OneDrive/Dokument/GitHub/Message Statistics/data/helena_new.html
INFO:root:Parsing html with bs4
INFO:root:Parsing messages
INFO:root:Fixing corrupted unicode
INFO:root:Extracting messages
INFO:root:Opening C:/Users/Timothy''s PC/OneDrive/Dokument/GitHub/Message Statistics/data/helena_new.html
INFO:root:Parsing html with bs4
INFO:root:Parsing messages
INFO:root:Fixing corrupted unicode
INFO:root:Extracting messages
INFO:root:Opening C:/Users/Timothy''s PC/OneDrive/Dokument/GitHub/Message Statistics/data/helena_new.html
INFO:root:Parsing html with bs4
INFO:root:Parsing messages
INFO:root:Fixing corrupted unicode
INFO:root:Extracting messages
INFO:root:Opening C:/Users/Timothy''s PC/OneDrive/Dokument/GitHub/Message Statistics/data/helena_new.html
INFO:root:Parsing html with bs4
INFO:root:Parsing messages
INFO:root:Fixing corrupted unicode
INFO:root:Extracting messages
INFO:root:Opening C:/Users/Timothy''s PC/OneDrive/Dokument/GitHub/Message Statistics/data/helena_new.html
INFO:root:Parsing html with bs4
INFO:root:Parsing messages
INFO:root:Fixing corrupted unicode
INFO:root:Extracting messages
INFO:root:Opening C:/Users/Timothy''s PC/OneDrive/Dokument/GitHub/Message Statistics/data/helena_new.html
INFO:root:Parsing html with bs4
INFO:root:Parsing messages
INFO:root:Fixing corrupted unicode
INFO:root:Extracting messages
INFO:root:Opening C:/Users/Timothy''s PC/OneDrive/Dokument/GitHub/Message Statistics/data/helena_new.html
INFO:root:Parsing html with bs4
INFO:root:Parsing messages
INFO:root:Fixing corrupted unicode
INFO:root:Extracting messages
INFO:root:Opening C:/Users/Timothy''s PC/OneDrive/Dokument/GitHub/Message Statistics/data/helena_new.html
INFO:root:Parsing html with bs4
INFO:root:Parsing messages
INFO:root:Fixing corrupted unicode
INFO:root:Extracting messages
INFO:root:Opening C:/Users/Timothy''s PC/OneDrive/Dokument/GitHub/Message Statistics/data/helena_new.html
INFO:root:Parsing html with bs4
INFO:root:Parsing messages
INFO:root:Fixing corrupted unicode
INFO:root:Extracting messages
INFO:root:Opening C:/Users/Timothy''s PC/OneDrive/Dokument/GitHub/Message Statistics/data/helena_new.html
INFO:root:Parsing html with bs4
INFO:root:Parsing messages
INFO:root:Fixing corrupted unicode
INFO:root:Extracting messages
INFO:root:Opening C:/Users/Timothy''s PC/OneDrive/Dokument/GitHub/Message Statistics/data/helena_new.html
INFO:root:Parsing html with bs4
INFO:root:Parsing messages
INFO:root:Fixing corrupted unicode
INFO:root:Extracting messages
